c:\users\thicks\desktop\tomh-listtype-with-files\debug\vc141.pdb
c:\users\thicks\desktop\tomh-listtype-with-files\debug\athlete.obj
c:\users\thicks\desktop\tomh-listtype-with-files\debug\auto.obj
c:\users\thicks\desktop\tomh-listtype-with-files\debug\book.obj
c:\users\thicks\desktop\tomh-listtype-with-files\debug\client.obj
c:\users\thicks\desktop\tomh-listtype-with-files\debug\integer.obj
c:\users\thicks\desktop\tomh-listtype-with-files\debug\part.obj
c:\users\thicks\desktop\tomh-listtype-with-files\debug\student.obj
c:\users\thicks\desktop\tomh-listtype-with-files\debug\utilities.obj
c:\users\thicks\desktop\tomh-listtype-with-files\debug\main.obj
c:\users\thicks\desktop\tomh-listtype-with-files\debug\vc141.idb
c:\users\thicks\desktop\tomh-listtype-with-files\debug\project.exe
c:\users\thicks\desktop\tomh-listtype-with-files\debug\project.ilk
c:\users\thicks\desktop\tomh-listtype-with-files\debug\project.pdb
c:\users\thicks\desktop\tomh-listtype-with-files\debug\project.tlog\cl.command.1.tlog
c:\users\thicks\desktop\tomh-listtype-with-files\debug\project.tlog\cl.read.1.tlog
c:\users\thicks\desktop\tomh-listtype-with-files\debug\project.tlog\cl.write.1.tlog
c:\users\thicks\desktop\tomh-listtype-with-files\debug\project.tlog\link.command.1.tlog
c:\users\thicks\desktop\tomh-listtype-with-files\debug\project.tlog\link.read.1.tlog
c:\users\thicks\desktop\tomh-listtype-with-files\debug\project.tlog\link.write.1.tlog
